Arguments: 
  /opt/homebrew/Cellar/node/15.12.0/bin/node /opt/homebrew/Cellar/yarn/1.22.10/libexec/bin/yarn.js add url:lozad

PATH: 
  /Users/rileybathurst/Sites/nztg/node_modules/.bin:/Users/rileybathurst/Sites/node_modules/.bin:/Users/rileybathurst/node_modules/.bin:/Users/node_modules/.bin:/node_modules/.bin:/opt/homebrew/lib/node_modules/npm/node_modules/@npmcli/run-script/lib/node-gyp-bin:/opt/local/bin:/opt/local/sbin:/opt/homebrew/bin:/opt/homebrew/sbin:/usr/local/bin:/usr/bin:/bin:/usr/sbin:/sbin:/Library/Apple/usr/bin

Yarn version: 
  1.22.10

Node version: 
  15.12.0

Platform: 
  darwin arm64

Trace: 
  Error: url:lozad: Invalid protocol: url:
      at Request.module.exports.Request.init (/opt/homebrew/Cellar/yarn/1.22.10/libexec/lib/cli.js:141018:31)
      at new Request (/opt/homebrew/Cellar/yarn/1.22.10/libexec/lib/cli.js:140691:8)
      at request (/opt/homebrew/Cellar/yarn/1.22.10/libexec/lib/cli.js:137597:10)
      at RequestManager.execute (/opt/homebrew/Cellar/yarn/1.22.10/libexec/lib/cli.js:67040:15)
      at RequestManager.shiftQueue (/opt/homebrew/Cellar/yarn/1.22.10/libexec/lib/cli.js:67078:10)
      at /opt/homebrew/Cellar/yarn/1.22.10/libexec/lib/cli.js:66747:13
      at new Promise (<anonymous>)
      at new F (/opt/homebrew/Cellar/yarn/1.22.10/libexec/lib/cli.js:5301:28)
      at RequestManager.request (/opt/homebrew/Cellar/yarn/1.22.10/libexec/lib/cli.js:66745:19)
      at NpmRegistry.<anonymous> (/opt/homebrew/Cellar/yarn/1.22.10/libexec/lib/cli.js:31704:42)

npm manifest: 
  {
    "name": "nztg2",
    "version": "2.0.1",
    "description": "new zealand tour guide single page site",
    "main": "./index.js",
    "scripts": {
      "start": "parcel serve ./index.html",
      "build": "parcel build ./index.html"
    },
    "author": "",
    "license": "ISC",
    "devDependencies": {
      "parcel": "1.12.3",
      "prettier": "^2.3.2"
    },
    "dependencies": {
      "lozad": "^1.16.0"
    }
  }

yarn manifest: 
  No manifest

Lockfile: 
  No lockfile
